\\vmwfil01\homedrives67$\p514846\teaching\2018-19\cmp301 shaders\examples\example7_postprocessing\example7_postprocessing\debug\vc141.pdb
\\vmwfil01\homedrives67$\p514846\teaching\2018-19\cmp301 shaders\examples\example7_postprocessing\example7_postprocessing\debug\vc141.idb
\\vmwfil01\homedrives67$\p514846\teaching\2018-19\cmp301 shaders\examples\example7_postprocessing\example7_postprocessing\debug\verticalblurshader.obj
\\vmwfil01\homedrives67$\p514846\teaching\2018-19\cmp301 shaders\examples\example7_postprocessing\example7_postprocessing\debug\textureshader.obj
\\vmwfil01\homedrives67$\p514846\teaching\2018-19\cmp301 shaders\examples\example7_postprocessing\example7_postprocessing\debug\main.obj
\\vmwfil01\homedrives67$\p514846\teaching\2018-19\cmp301 shaders\examples\example7_postprocessing\example7_postprocessing\debug\lightshader.obj
\\vmwfil01\homedrives67$\p514846\teaching\2018-19\cmp301 shaders\examples\example7_postprocessing\example7_postprocessing\debug\horizontalblurshader.obj
\\vmwfil01\homedrives67$\p514846\teaching\2018-19\cmp301 shaders\examples\example7_postprocessing\example7_postprocessing\debug\app1.obj
\\vmwfil01\homedrives67$\p514846\teaching\2018-19\cmp301 shaders\examples\example7_postprocessing\debug\example7_postprocessing.exe
\\vmwfil01\homedrives67$\p514846\teaching\2018-19\cmp301 shaders\examples\example7_postprocessing\debug\example7_postprocessing.ilk
\\vmwfil01\homedrives67$\p514846\teaching\2018-19\cmp301 shaders\examples\example7_postprocessing\debug\example7_postprocessing.pdb
\\vmwfil01\homedrives67$\p514846\teaching\2018-19\cmp301 shaders\examples\example7_postprocessing\example7_postprocessing\debug\example7.b00de394.tlog\cl.command.1.tlog
\\vmwfil01\homedrives67$\p514846\teaching\2018-19\cmp301 shaders\examples\example7_postprocessing\example7_postprocessing\debug\example7.b00de394.tlog\cl.read.1.tlog
\\vmwfil01\homedrives67$\p514846\teaching\2018-19\cmp301 shaders\examples\example7_postprocessing\example7_postprocessing\debug\example7.b00de394.tlog\cl.write.1.tlog
\\vmwfil01\homedrives67$\p514846\teaching\2018-19\cmp301 shaders\examples\example7_postprocessing\example7_postprocessing\debug\example7.b00de394.tlog\fxc.command.1.tlog
\\vmwfil01\homedrives67$\p514846\teaching\2018-19\cmp301 shaders\examples\example7_postprocessing\example7_postprocessing\debug\example7.b00de394.tlog\fxc.read.1.tlog
\\vmwfil01\homedrives67$\p514846\teaching\2018-19\cmp301 shaders\examples\example7_postprocessing\example7_postprocessing\debug\example7.b00de394.tlog\fxc.write.1.tlog
\\vmwfil01\homedrives67$\p514846\teaching\2018-19\cmp301 shaders\examples\example7_postprocessing\example7_postprocessing\debug\example7.b00de394.tlog\link.command.1.tlog
\\vmwfil01\homedrives67$\p514846\teaching\2018-19\cmp301 shaders\examples\example7_postprocessing\example7_postprocessing\debug\example7.b00de394.tlog\link.read.1.tlog
\\vmwfil01\homedrives67$\p514846\teaching\2018-19\cmp301 shaders\examples\example7_postprocessing\example7_postprocessing\debug\example7.b00de394.tlog\link.write.1.tlog
